<?xml version="1.0" encoding="UTF-8"?>
<!-- Generated by org.testng.reporters.JUnitReportReporter -->
<testsuite skipped="0" hostname="LAPTOP-KO317EUS" name="execution.Base" tests="1" failures="0" timestamp="2020-04-16T21:16:48 PDT" time="8.185" errors="0">
  <testcase name="Startup" time="8.185" classname="execution.Base"/>
  <system-out/>
</testsuite> <!-- execution.Base -->
