<?xml version="1.0" encoding="UTF-8"?>
<!-- Generated by org.testng.reporters.JUnitReportReporter -->
<testsuite skipped="0" hostname="LAPTOP-KO317EUS" name="execution.RegisterationTest" tests="2" failures="0" timestamp="2020-04-20T21:18:48 PDT" time="13.166" errors="0">
  <testcase name="start" time="1.733" classname="execution.RegisterationTest"/>
  <system-out/>
  <testcase name="validregister" time="11.433" classname="execution.RegisterationTest"/>
  <system-out/>
</testsuite> <!-- execution.RegisterationTest -->
