<?xml version="1.0" encoding="UTF-8"?>
<!-- Generated by org.testng.reporters.JUnitReportReporter -->
<testsuite hostname="DESKTOP-9LDSGNB" failures="0" tests="1" name="execution.LoginTest" time="18.132" errors="0" timestamp="2020-04-20T20:57:05 EDT" skipped="0">
  <testcase classname="execution.LoginTest" name="positiveLogin" time="18.132"/>
  <system-out/>
</testsuite> <!-- execution.LoginTest -->
