<?xml version="1.0" encoding="UTF-8"?>
<!-- Generated by org.testng.reporters.JUnitReportReporter -->
<testsuite skipped="0" hostname="Sayeed-LpTop1" name="execution.browserTest" tests="1" failures="0" timestamp="2020-04-19T22:05:49 EDT" time="1.781" errors="0">
  <testcase name="open" time="1.781" classname="execution.browserTest"/>
  <system-out/>
</testsuite> <!-- execution.browserTest -->
