<?xml version="1.0" encoding="UTF-8"?>
<!-- Generated by org.testng.reporters.JUnitReportReporter -->
<testsuite skipped="0" hostname="Sayeed-LpTop1" name="execution.LoginTest" tests="1" failures="0" timestamp="2020-04-17T20:51:26 EDT" time="0.506" errors="0">
  <testcase name="test1" time="0.506" classname="execution.LoginTest"/>
  <system-out/>
</testsuite> <!-- execution.LoginTest -->
