<?xml version="1.0" encoding="UTF-8"?>
<!-- Generated by org.testng.reporters.JUnitReportReporter -->
<testsuite hostname="DESKTOP-9LDSGNB" failures="0" tests="1" name="execution.Base" time="6.275" errors="0" timestamp="2020-04-16T22:17:21 EDT" skipped="0">
  <testcase classname="execution.Base" name="Startup" time="6.275"/>
  <system-out/>
</testsuite> <!-- execution.Base -->
