<?xml version="1.0" encoding="UTF-8"?>
<!-- Generated by org.testng.reporters.JUnitReportReporter -->
<testsuite skipped="0" hostname="LAPTOP-KO317EUS" name="execution.SearchTest" tests="6" failures="0" timestamp="2020-04-20T10:19:16 PDT" time="41.136" errors="0">
  <testcase name="test4" time="10.098" classname="execution.SearchTest"/>
  <system-out/>
  <testcase name="test1" time="1.285" classname="execution.SearchTest"/>
  <system-out/>
  <testcase name="test2" time="3.355" classname="execution.SearchTest"/>
  <system-out/>
  <testcase name="test3" time="20.293" classname="execution.SearchTest"/>
  <system-out/>
  <testcase name="test2" time="3.600" classname="execution.SearchTest"/>
  <system-out/>
  <testcase name="test2" time="2.505" classname="execution.SearchTest"/>
  <system-out/>
</testsuite> <!-- execution.SearchTest -->
