<?xml version="1.0" encoding="UTF-8"?>
<!-- Generated by org.testng.reporters.JUnitReportReporter -->
<testsuite skipped="0" hostname="Sayeed-LpTop1" name="execution.Searchtest" tests="6" failures="0" timestamp="2020-04-17T21:36:02 EDT" time="42.463" errors="0">
  <testcase name="test3" time="20.216" classname="execution.Searchtest"/>
  <system-out/>
  <testcase name="test4" time="10.938" classname="execution.Searchtest"/>
  <system-out/>
  <testcase name="test1" time="1.712" classname="execution.Searchtest"/>
  <system-out/>
  <testcase name="test2" time="4.235" classname="execution.Searchtest"/>
  <system-out/>
  <testcase name="test2" time="3.274" classname="execution.Searchtest"/>
  <system-out/>
  <testcase name="test2" time="2.088" classname="execution.Searchtest"/>
  <system-out/>
</testsuite> <!-- execution.Searchtest -->
